2025-06-06 07:28:04,445 INFO o.s.o.j.AbstractEntityManagerFactoryBean [SpringApplicationShutdownHook] Closing JPA EntityManagerFactory for persistence unit 'default'
2025-06-06 07:28:04,451 INFO c.z.h.HikariDataSource [SpringApplicationShutdownHook] HikariPool-1 - Shutdown initiated...
2025-06-06 07:28:04,456 INFO c.z.h.HikariDataSource [SpringApplicationShutdownHook] HikariPool-1 - Shutdown completed.
2025-06-06 17:23:34,838 INFO o.h.v.i.u.Version [background-preinit] HV000001: Hibernate Validator 8.0.1.Final
2025-06-06 17:23:34,896 INFO o.s.b.StartupInfoLogger [restartedMain] Starting DevoutCatholicApplication using Java 21.0.1 with PID 10076 (C:\Users\alden\Documents\Faculdade\cadeiras\7º Semestre\APS\Aplicação\V2\devout_catholic\target\classes started by alden in C:\Users\alden\Documents\Faculdade\cadeiras\7º Semestre\APS\Aplicação\V2\devout_catholic)
2025-06-06 17:23:34,897 DEBUG o.s.b.StartupInfoLogger [restartedMain] Running with Spring Boot v3.2.3, Spring v6.1.4
2025-06-06 17:23:34,898 INFO o.s.b.SpringApplication [restartedMain] No active profile set, falling back to 1 default profile: "default"
2025-06-06 17:23:34,934 INFO o.s.b.l.DeferredLog [restartedMain] Devtools property defaults active! Set 'spring.devtools.add-properties' to 'false' to disable
2025-06-06 17:23:34,936 INFO o.s.b.l.DeferredLog [restartedMain] For additional web related logging consider setting the 'logging.level.web' property to 'DEBUG'
2025-06-06 17:23:35,692 INFO o.s.d.r.c.RepositoryConfigurationDelegate [restartedMain] Bootstrapping Spring Data JPA repositories in DEFAULT mode.
2025-06-06 17:23:35,841 INFO o.s.d.r.c.RepositoryConfigurationDelegate [restartedMain] Finished Spring Data repository scanning in 141 ms. Found 2 JPA repository interfaces.
2025-06-06 17:23:36,388 INFO o.s.b.w.e.t.TomcatWebServer [restartedMain] Tomcat initialized with port 8080 (http)
2025-06-06 17:23:36,399 INFO o.a.j.l.DirectJDKLog [restartedMain] Initializing ProtocolHandler ["http-nio-8080"]
2025-06-06 17:23:36,402 INFO o.a.j.l.DirectJDKLog [restartedMain] Starting service [Tomcat]
2025-06-06 17:23:36,402 INFO o.a.j.l.DirectJDKLog [restartedMain] Starting Servlet engine: [Apache Tomcat/10.1.19]
2025-06-06 17:23:36,446 INFO o.a.j.l.DirectJDKLog [restartedMain] Initializing Spring embedded WebApplicationContext
2025-06-06 17:23:36,447 INFO o.s.b.w.s.c.ServletWebServerApplicationContext [restartedMain] Root WebApplicationContext: initialization completed in 1511 ms
2025-06-06 17:23:36,616 INFO c.z.h.HikariDataSource [restartedMain] HikariPool-1 - Starting...
2025-06-06 17:23:36,804 INFO c.z.h.p.HikariPool [restartedMain] HikariPool-1 - Added connection org.postgresql.jdbc.PgConnection@6904022e
2025-06-06 17:23:36,807 INFO c.z.h.HikariDataSource [restartedMain] HikariPool-1 - Start completed.
2025-06-06 17:23:36,843 INFO o.f.c.i.l.s.Slf4jLog [restartedMain] Database: jdbc:postgresql://localhost:5432/devoutcatholic (PostgreSQL 16.1)
2025-06-06 17:23:36,935 INFO o.f.c.i.l.s.Slf4jLog [restartedMain] Successfully validated 2 migrations (execution time 00:00.044s)
2025-06-06 17:23:36,953 INFO o.f.c.i.l.s.Slf4jLog [restartedMain] Current version of schema "public": 2
2025-06-06 17:23:36,958 INFO o.f.c.i.l.s.Slf4jLog [restartedMain] Schema "public" is up to date. No migration necessary.
2025-06-06 17:23:37,043 INFO o.h.j.i.u.LogHelper [restartedMain] HHH000204: Processing PersistenceUnitInfo [name: default]
2025-06-06 17:23:37,122 INFO o.h.Version [restartedMain] HHH000412: Hibernate ORM core version 6.4.4.Final
2025-06-06 17:23:37,157 INFO o.h.c.i.RegionFactoryInitiator [restartedMain] HHH000026: Second-level cache disabled
2025-06-06 17:23:37,386 INFO o.s.o.j.p.SpringPersistenceUnitInfo [restartedMain] No LoadTimeWeaver setup: ignoring JPA class transformer
2025-06-06 17:23:38,142 INFO o.h.e.t.j.p.i.JtaPlatformInitiator [restartedMain] HHH000489: No JTA platform available (set 'hibernate.transaction.jta.platform' to enable JTA platform integration)
2025-06-06 17:23:38,145 INFO o.s.o.j.AbstractEntityManagerFactoryBean [restartedMain] Initialized JPA EntityManagerFactory for persistence unit 'default'
2025-06-06 17:23:38,407 DEBUG o.s.w.f.GenericFilterBean [restartedMain] Filter 'securityFilter' configured for use
2025-06-06 17:23:38,587 WARN o.s.b.a.o.j.JpaBaseConfiguration$JpaWebConfiguration [restartedMain] spring.jpa.open-in-view is enabled by default. Therefore, database queries may be performed during view rendering. Explicitly configure spring.jpa.open-in-view to disable this warning
2025-06-06 17:23:38,780 INFO o.s.s.w.DefaultSecurityFilterChain [restartedMain] Will secure any request with [org.springframework.security.web.session.DisableEncodeUrlFilter@6dd8ff5e, org.springframework.security.web.context.request.async.WebAsyncManagerIntegrationFilter@24ee5f4f, org.springframework.security.web.context.SecurityContextHolderFilter@25bbe0e6, org.springframework.security.web.header.HeaderWriterFilter@692546b3, org.springframework.web.filter.CorsFilter@4c94cb0f, org.springframework.security.web.authentication.logout.LogoutFilter@517c419e, com.aldenor_neto.devout_catholic.config.SecurityFilter@1daca381, org.springframework.security.web.savedrequest.RequestCacheAwareFilter@6e43702e, org.springframework.security.web.servletapi.SecurityContextHolderAwareRequestFilter@66942f0, org.springframework.security.web.authentication.AnonymousAuthenticationFilter@78efd727, org.springframework.security.web.session.SessionManagementFilter@1920311b, org.springframework.security.web.access.ExceptionTranslationFilter@43027504, org.springframework.security.web.access.intercept.AuthorizationFilter@d6892f8]
2025-06-06 17:23:39,036 INFO o.s.b.d.a.OptionalLiveReloadServer [restartedMain] LiveReload server is running on port 35729
2025-06-06 17:23:39,046 INFO o.a.j.l.DirectJDKLog [restartedMain] Starting ProtocolHandler ["http-nio-8080"]
2025-06-06 17:23:39,062 INFO o.s.b.w.e.t.TomcatWebServer [restartedMain] Tomcat started on port 8080 (http) with context path ''
2025-06-06 17:23:39,070 INFO o.s.b.StartupInfoLogger [restartedMain] Started DevoutCatholicApplication in 4.603 seconds (process running for 5.013)
2025-06-06 17:24:49,507 INFO o.a.j.l.DirectJDKLog [http-nio-8080-exec-1] Initializing Spring DispatcherServlet 'dispatcherServlet'
2025-06-06 17:24:49,508 INFO o.s.w.s.FrameworkServlet [http-nio-8080-exec-1] Initializing Servlet 'dispatcherServlet'
2025-06-06 17:24:49,509 INFO o.s.w.s.FrameworkServlet [http-nio-8080-exec-1] Completed initialization in 1 ms
2025-06-06 17:44:38,712 INFO c.a.d.c.AiController [http-nio-8080-exec-7] Recebendo requisição para gerar reflexão. Pergunta: Gere uma meditação motivacional com fundamentos bíblicos católicos.
2025-06-06 17:44:45,023 INFO c.a.d.c.AiController [http-nio-8080-exec-7] Reflexão gerada com sucesso
2025-06-06 17:47:07,837 INFO c.a.d.c.AiController [http-nio-8080-exec-10] Recebendo requisição para gerar reflexão. Pergunta: Gere uma meditação motivacional com fundamentos bíblicos católicos.
2025-06-06 17:47:13,201 INFO c.a.d.c.AiController [http-nio-8080-exec-10] Reflexão gerada com sucesso
2025-06-06 17:51:23,103 INFO c.a.d.c.AiController [http-nio-8080-exec-3] Recebendo requisição para gerar reflexão. Pergunta: Gere um texto motivacional com fundamentação bíblica segundo a igreja católica apostólica romana, use exemplo de santos
2025-06-06 17:51:26,878 INFO c.a.d.c.AiController [http-nio-8080-exec-4] Recebendo requisição para gerar reflexão. Pergunta: Gere um texto motivacional com fundamentação bíblica segundo a igreja católica apostólica romana, use exemplo de santos
2025-06-06 17:51:28,056 INFO c.a.d.c.AiController [http-nio-8080-exec-3] Reflexão gerada com sucesso
2025-06-06 17:51:31,933 INFO c.a.d.c.AiController [http-nio-8080-exec-4] Reflexão gerada com sucesso
2025-06-06 17:53:16,622 INFO c.a.d.c.AiController [http-nio-8080-exec-7] Recebendo requisição para gerar reflexão. Pergunta: Gere um texto motivacional com fundamentação bíblica segundo a igreja católica apostólica romana, use exemplo de santos
2025-06-06 17:53:20,616 INFO c.a.d.c.AiController [http-nio-8080-exec-7] Reflexão gerada com sucesso
2025-06-06 17:53:42,927 INFO c.a.d.c.AiController [http-nio-8080-exec-9] Recebendo requisição para gerar reflexão. Pergunta: Gere um texto motivacional com fundamentação bíblica segundo a igreja católica apostólica romana, use exemplo de santos
2025-06-06 17:53:47,035 INFO c.a.d.c.AiController [http-nio-8080-exec-9] Reflexão gerada com sucesso
2025-06-06 17:53:56,133 INFO c.a.d.c.AiController [http-nio-8080-exec-1] Recebendo requisição para gerar reflexão. Pergunta: Gere um texto motivacional com fundamentação bíblica segundo a igreja católica apostólica romana, use exemplo de santos
2025-06-06 17:54:00,290 INFO c.a.d.c.AiController [http-nio-8080-exec-1] Reflexão gerada com sucesso
2025-06-06 17:54:18,806 INFO c.a.d.c.AiController [http-nio-8080-exec-3] Recebendo requisição para gerar reflexão. Pergunta: Gere um texto motivacional com fundamentação bíblica segundo a igreja católica apostólica romana, use exemplo de santos
2025-06-06 17:54:22,929 INFO c.a.d.c.AiController [http-nio-8080-exec-3] Reflexão gerada com sucesso
2025-06-06 17:54:35,893 INFO c.a.d.c.AiController [http-nio-8080-exec-5] Recebendo requisição para gerar reflexão. Pergunta: Gere um texto motivacional com fundamentação bíblica segundo a igreja católica apostólica romana, use exemplo de santos
2025-06-06 17:54:39,705 INFO c.a.d.c.AiController [http-nio-8080-exec-5] Reflexão gerada com sucesso
2025-06-06 17:54:50,363 INFO c.a.d.c.AiController [http-nio-8080-exec-7] Recebendo requisição para gerar reflexão. Pergunta: Gere um texto motivacional com fundamentação bíblica segundo a igreja católica apostólica romana, use exemplo de santos
2025-06-06 17:54:54,559 INFO c.a.d.c.AiController [http-nio-8080-exec-7] Reflexão gerada com sucesso
2025-06-06 17:55:08,231 INFO c.a.d.c.AiController [http-nio-8080-exec-9] Recebendo requisição para gerar reflexão. Pergunta: Gere um texto motivacional com fundamentação bíblica segundo a igreja católica apostólica romana, use exemplo de santos
2025-06-06 17:55:12,258 INFO c.a.d.c.AiController [http-nio-8080-exec-9] Reflexão gerada com sucesso
2025-06-06 17:55:29,240 INFO c.a.d.c.AiController [http-nio-8080-exec-1] Recebendo requisição para gerar reflexão. Pergunta: Gere um texto motivacional com fundamentação bíblica segundo a igreja católica apostólica romana, use exemplo de santos
2025-06-06 17:55:33,301 INFO c.a.d.c.AiController [http-nio-8080-exec-1] Reflexão gerada com sucesso
2025-06-06 17:56:07,207 INFO c.a.d.c.AiController [http-nio-8080-exec-7] Recebendo requisição para gerar reflexão. Pergunta: Gere um texto motivacional com fundamentação bíblica segundo a igreja católica apostólica romana, use exemplo de santos
2025-06-06 17:56:11,339 INFO c.a.d.c.AiController [http-nio-8080-exec-7] Reflexão gerada com sucesso
2025-06-06 17:56:48,336 INFO c.a.d.c.AiController [http-nio-8080-exec-3] Recebendo requisição para gerar reflexão. Pergunta: Gere um texto motivacional com fundamentação bíblica segundo a igreja católica apostólica romana, use exemplo de santos
2025-06-06 17:56:52,165 INFO c.a.d.c.AiController [http-nio-8080-exec-3] Reflexão gerada com sucesso
2025-06-06 18:02:16,831 INFO c.a.d.c.AiController [http-nio-8080-exec-6] Recebendo requisição para gerar reflexão. Pergunta: Segundo a igreja católica apostólica romana qual é o santo que se celebra hoje? Qual a sua história e o que a sua vida cristã nos ensina?
2025-06-06 18:02:22,452 INFO c.a.d.c.AiController [http-nio-8080-exec-6] Reflexão gerada com sucesso
2025-06-06 18:05:11,037 INFO c.a.d.c.AiController [http-nio-8080-exec-9] Recebendo requisição para gerar reflexão. Pergunta: Segundo a igreja católica apostólica romana qual é o santo que se celebra hoje (06/06)? Qual a sua história e o que a sua vida cristã nos ensina?
2025-06-06 18:05:16,569 INFO c.a.d.c.AiController [http-nio-8080-exec-9] Reflexão gerada com sucesso
2025-06-06 18:08:06,313 INFO c.a.d.c.AiController [http-nio-8080-exec-2] Recebendo requisição para gerar reflexão. Pergunta: Segundo a igreja católica apostólica romana qual é o santo que se celebra no dia (06/06)? Qual a sua história e o que a sua vida cristã nos ensina?
2025-06-06 18:08:12,262 INFO c.a.d.c.AiController [http-nio-8080-exec-2] Reflexão gerada com sucesso
2025-06-06 18:08:21,222 INFO c.a.d.c.AiController [http-nio-8080-exec-4] Recebendo requisição para gerar reflexão. Pergunta: Segundo a igreja católica apostólica romana qual é o santo que se celebra no dia (06/06)? Qual a sua história e o que a sua vida cristã nos ensina?
2025-06-06 18:08:26,799 INFO c.a.d.c.AiController [http-nio-8080-exec-4] Reflexão gerada com sucesso
2025-06-06 18:08:35,188 INFO c.a.d.c.AiController [http-nio-8080-exec-6] Recebendo requisição para gerar reflexão. Pergunta: Segundo a igreja católica apostólica romana qual é o santo que se celebra no dia (06/06)? Qual a sua história e o que a sua vida cristã nos ensina?
2025-06-06 18:08:40,543 INFO c.a.d.c.AiController [http-nio-8080-exec-6] Reflexão gerada com sucesso
2025-06-06 18:38:03,902 INFO c.a.d.c.AiController [http-nio-8080-exec-9] Recebendo requisição para gerar reflexão. Pergunta: Segundo a igreja católica apostólica romana qual é o santo que se celebra no dia (06/06)? Qual a sua história e o que a sua vida cristã nos ensina?
2025-06-06 18:38:10,370 INFO c.a.d.c.AiController [http-nio-8080-exec-9] Reflexão gerada com sucesso
2025-06-06 18:38:30,939 INFO c.a.d.c.AiController [http-nio-8080-exec-1] Recebendo requisição para gerar reflexão. Pergunta: Segundo a igreja católica apostólica romana qual é o santo que se celebra no dia (06/08)? Qual a sua história e o que a sua vida cristã nos ensina?
2025-06-06 18:38:35,233 INFO c.a.d.c.AiController [http-nio-8080-exec-1] Reflexão gerada com sucesso
2025-06-06 18:38:54,954 INFO c.a.d.c.AiController [http-nio-8080-exec-3] Recebendo requisição para gerar reflexão. Pergunta: Segundo a igreja católica apostólica romana qual é o santo que se celebra no dia (06/08)? Qual a sua história e o que a sua vida cristã nos ensina?
2025-06-06 18:38:59,833 INFO c.a.d.c.AiController [http-nio-8080-exec-3] Reflexão gerada com sucesso
2025-06-06 18:53:13,263 INFO c.a.d.c.AiController [http-nio-8080-exec-6] Recebendo requisição para gerar reflexão. Pergunta: Segundo a igreja católica apostólica romana qual é o santo que se celebra no dia (06/06)? Qual a sua história e o que a sua vida cristã nos ensina?
2025-06-06 18:53:19,411 INFO c.a.d.c.AiController [http-nio-8080-exec-6] Reflexão gerada com sucesso
2025-06-06 18:53:22,411 INFO c.a.d.c.AiController [http-nio-8080-exec-8] Recebendo requisição para gerar reflexão. Pergunta: Segundo a igreja católica apostólica romana qual é o santo que se celebra no dia (06/08)? Qual a sua história e o que a sua vida cristã nos ensina?
2025-06-06 18:53:26,718 INFO c.a.d.c.AiController [http-nio-8080-exec-8] Reflexão gerada com sucesso
2025-06-06 18:53:44,742 INFO c.a.d.c.AiController [http-nio-8080-exec-10] Recebendo requisição para gerar reflexão. Pergunta: Segundo a igreja católica apostólica romana qual é o santo que se celebra no dia (06/06)? Qual a sua história e o que a sua vida cristã nos ensina?
2025-06-06 18:53:49,833 INFO c.a.d.c.AiController [http-nio-8080-exec-10] Reflexão gerada com sucesso
2025-06-06 18:53:55,522 INFO c.a.d.c.AiController [http-nio-8080-exec-2] Recebendo requisição para gerar reflexão. Pergunta: Segundo a igreja católica apostólica romana qual é o santo que se celebra no dia (06/08)? Qual a sua história e o que a sua vida cristã nos ensina?
2025-06-06 18:53:59,924 INFO c.a.d.c.AiController [http-nio-8080-exec-2] Reflexão gerada com sucesso
2025-06-06 18:55:49,921 INFO c.a.d.c.AiController [http-nio-8080-exec-5] Recebendo requisição para gerar reflexão. Pergunta: Segundo a igreja católica apostólica romana qual é o santo que se celebra no dia (06/06)? Qual a sua história e o que a sua vida cristã nos ensina?
2025-06-06 18:55:55,087 INFO c.a.d.c.AiController [http-nio-8080-exec-5] Reflexão gerada com sucesso
2025-06-06 18:55:58,789 INFO c.a.d.c.AiController [http-nio-8080-exec-7] Recebendo requisição para gerar reflexão. Pergunta: Segundo a igreja católica apostólica romana qual é o santo que se celebra no dia (06/08)? Qual a sua história e o que a sua vida cristã nos ensina?
2025-06-06 18:56:02,956 INFO c.a.d.c.AiController [http-nio-8080-exec-7] Reflexão gerada com sucesso
2025-06-06 18:56:25,719 INFO c.a.d.c.AiController [http-nio-8080-exec-9] Recebendo requisição para gerar reflexão. Pergunta: Segundo a igreja católica apostólica romana qual é o santo que se celebra no dia (06/06)? Qual a sua história e o que a sua vida cristã nos ensina?
2025-06-06 18:56:31,145 INFO c.a.d.c.AiController [http-nio-8080-exec-9] Reflexão gerada com sucesso
2025-06-06 18:56:31,782 INFO c.a.d.c.AiController [http-nio-8080-exec-1] Recebendo requisição para gerar reflexão. Pergunta: Segundo a igreja católica apostólica romana qual é o santo que se celebra no dia (08/06)? Qual a sua história e o que a sua vida cristã nos ensina?
2025-06-06 18:56:36,117 INFO c.a.d.c.AiController [http-nio-8080-exec-1] Reflexão gerada com sucesso
2025-06-06 19:06:08,207 INFO c.a.d.c.AiController [http-nio-8080-exec-4] Recebendo requisição para gerar reflexão. Pergunta: Segundo a igreja católica apostólica romana qual é o santo que se celebra no dia (06/06)? Qual a sua história e o que a sua vida cristã nos ensina?
2025-06-06 19:06:14,606 INFO c.a.d.c.AiController [http-nio-8080-exec-4] Reflexão gerada com sucesso
2025-06-06 19:29:04,040 INFO c.a.d.c.AiController [http-nio-8080-exec-7] Recebendo requisição para gerar reflexão. Pergunta: Segundo a igreja católica apostólica romana qual é o santo que se celebra no dia (06/08)? Qual a sua história e o que a sua vida cristã nos ensina?
2025-06-06 19:29:08,516 INFO c.a.d.c.AiController [http-nio-8080-exec-7] Reflexão gerada com sucesso
2025-06-06 21:51:32,244 INFO o.h.v.i.u.Version [background-preinit] HV000001: Hibernate Validator 8.0.1.Final
2025-06-06 21:51:32,299 INFO o.s.b.StartupInfoLogger [restartedMain] Starting DevoutCatholicApplication using Java 21.0.1 with PID 4256 (C:\Users\alden\Documents\Faculdade\cadeiras\7º Semestre\APS\Aplicação\V2\devout_catholic\target\classes started by alden in C:\Users\alden\Documents\Faculdade\cadeiras\7º Semestre\APS\Aplicação\V2\devout_catholic)
2025-06-06 21:51:32,299 DEBUG o.s.b.StartupInfoLogger [restartedMain] Running with Spring Boot v3.2.3, Spring v6.1.4
2025-06-06 21:51:32,300 INFO o.s.b.SpringApplication [restartedMain] No active profile set, falling back to 1 default profile: "default"
2025-06-06 21:51:32,337 INFO o.s.b.l.DeferredLog [restartedMain] Devtools property defaults active! Set 'spring.devtools.add-properties' to 'false' to disable
2025-06-06 21:51:32,337 INFO o.s.b.l.DeferredLog [restartedMain] For additional web related logging consider setting the 'logging.level.web' property to 'DEBUG'
2025-06-06 21:51:33,112 INFO o.s.d.r.c.RepositoryConfigurationDelegate [restartedMain] Bootstrapping Spring Data JPA repositories in DEFAULT mode.
2025-06-06 21:51:33,254 INFO o.s.d.r.c.RepositoryConfigurationDelegate [restartedMain] Finished Spring Data repository scanning in 133 ms. Found 2 JPA repository interfaces.
2025-06-06 21:51:33,762 INFO o.s.b.w.e.t.TomcatWebServer [restartedMain] Tomcat initialized with port 8080 (http)
2025-06-06 21:51:33,771 INFO o.a.j.l.DirectJDKLog [restartedMain] Initializing ProtocolHandler ["http-nio-8080"]
2025-06-06 21:51:33,773 INFO o.a.j.l.DirectJDKLog [restartedMain] Starting service [Tomcat]
2025-06-06 21:51:33,773 INFO o.a.j.l.DirectJDKLog [restartedMain] Starting Servlet engine: [Apache Tomcat/10.1.19]
2025-06-06 21:51:33,815 INFO o.a.j.l.DirectJDKLog [restartedMain] Initializing Spring embedded WebApplicationContext
2025-06-06 21:51:33,816 INFO o.s.b.w.s.c.ServletWebServerApplicationContext [restartedMain] Root WebApplicationContext: initialization completed in 1478 ms
2025-06-06 21:51:33,971 INFO c.z.h.HikariDataSource [restartedMain] HikariPool-1 - Starting...
2025-06-06 21:51:34,131 INFO c.z.h.p.HikariPool [restartedMain] HikariPool-1 - Added connection org.postgresql.jdbc.PgConnection@5cc4a3a0
2025-06-06 21:51:34,133 INFO c.z.h.HikariDataSource [restartedMain] HikariPool-1 - Start completed.
2025-06-06 21:51:34,165 INFO o.f.c.i.l.s.Slf4jLog [restartedMain] Database: jdbc:postgresql://localhost:5432/devoutcatholic (PostgreSQL 16.1)
2025-06-06 21:51:34,236 INFO o.f.c.i.l.s.Slf4jLog [restartedMain] Successfully validated 2 migrations (execution time 00:00.033s)
2025-06-06 21:51:34,274 INFO o.f.c.i.l.s.Slf4jLog [restartedMain] Current version of schema "public": 2
2025-06-06 21:51:34,277 INFO o.f.c.i.l.s.Slf4jLog [restartedMain] Schema "public" is up to date. No migration necessary.
2025-06-06 21:51:34,351 INFO o.h.j.i.u.LogHelper [restartedMain] HHH000204: Processing PersistenceUnitInfo [name: default]
2025-06-06 21:51:34,409 INFO o.h.Version [restartedMain] HHH000412: Hibernate ORM core version 6.4.4.Final
2025-06-06 21:51:34,440 INFO o.h.c.i.RegionFactoryInitiator [restartedMain] HHH000026: Second-level cache disabled
2025-06-06 21:51:34,640 INFO o.s.o.j.p.SpringPersistenceUnitInfo [restartedMain] No LoadTimeWeaver setup: ignoring JPA class transformer
2025-06-06 21:51:35,366 INFO o.h.e.t.j.p.i.JtaPlatformInitiator [restartedMain] HHH000489: No JTA platform available (set 'hibernate.transaction.jta.platform' to enable JTA platform integration)
2025-06-06 21:51:35,368 INFO o.s.o.j.AbstractEntityManagerFactoryBean [restartedMain] Initialized JPA EntityManagerFactory for persistence unit 'default'
2025-06-06 21:51:35,621 DEBUG o.s.w.f.GenericFilterBean [restartedMain] Filter 'securityFilter' configured for use
2025-06-06 21:51:35,795 WARN o.s.b.a.o.j.JpaBaseConfiguration$JpaWebConfiguration [restartedMain] spring.jpa.open-in-view is enabled by default. Therefore, database queries may be performed during view rendering. Explicitly configure spring.jpa.open-in-view to disable this warning
2025-06-06 21:51:35,984 INFO o.s.s.w.DefaultSecurityFilterChain [restartedMain] Will secure any request with [org.springframework.security.web.session.DisableEncodeUrlFilter@1cbb6a94, org.springframework.security.web.context.request.async.WebAsyncManagerIntegrationFilter@3bd19a45, org.springframework.security.web.context.SecurityContextHolderFilter@667bbeba, org.springframework.security.web.header.HeaderWriterFilter@1c02e8ee, org.springframework.web.filter.CorsFilter@3132e21d, org.springframework.security.web.authentication.logout.LogoutFilter@1f480ecf, com.aldenor_neto.devout_catholic.config.SecurityFilter@311726c5, org.springframework.security.web.savedrequest.RequestCacheAwareFilter@57dd6ece, org.springframework.security.web.servletapi.SecurityContextHolderAwareRequestFilter@437fbec3, org.springframework.security.web.authentication.AnonymousAuthenticationFilter@20d8b00b, org.springframework.security.web.session.SessionManagementFilter@511c5b3a, org.springframework.security.web.access.ExceptionTranslationFilter@5aa3aa29, org.springframework.security.web.access.intercept.AuthorizationFilter@503efe78]
2025-06-06 21:51:36,247 INFO o.s.b.d.a.OptionalLiveReloadServer [restartedMain] LiveReload server is running on port 35729
2025-06-06 21:51:36,257 INFO o.a.j.l.DirectJDKLog [restartedMain] Starting ProtocolHandler ["http-nio-8080"]
2025-06-06 21:51:36,273 INFO o.s.b.w.e.t.TomcatWebServer [restartedMain] Tomcat started on port 8080 (http) with context path ''
2025-06-06 21:51:36,280 INFO o.s.b.StartupInfoLogger [restartedMain] Started DevoutCatholicApplication in 4.39 seconds (process running for 4.777)
2025-06-06 21:54:20,909 INFO o.a.j.l.DirectJDKLog [http-nio-8080-exec-1] Initializing Spring DispatcherServlet 'dispatcherServlet'
2025-06-06 21:54:20,910 INFO o.s.w.s.FrameworkServlet [http-nio-8080-exec-1] Initializing Servlet 'dispatcherServlet'
2025-06-06 21:54:20,912 INFO o.s.w.s.FrameworkServlet [http-nio-8080-exec-1] Completed initialization in 2 ms
2025-06-06 21:56:39,729 INFO c.a.d.c.AiController [http-nio-8080-exec-5] Recebendo requisição para gerar reflexão. Pergunta: Qual a reflexão para o trecho bíblico: Ao anoitecer daquele dia, o primeiro da semana, estando fechadas, por medo dos judeus, as portas do lugar onde os discípulos se encontravam, Jesus entrou e, pondo-se no meio deles, disse: “A paz esteja convosco”. 20Depois dessas palavras, mostrou-lhes as mãos e o lado. Então os discípulos se alegraram por verem o Senhor.21Novamente, Jesus disse: “A paz esteja convosco. Como o Pai me enviou, também eu vos envio”. 22E, depois de ter dito isso, soprou sobre eles e disse: “Recebei o Espírito Santo. 23A quem perdoardes os pecados, eles lhes serão perdoados; a quem não os perdoardes, eles lhes serão retidos”.
2025-06-06 21:56:44,044 INFO c.a.d.c.AiController [http-nio-8080-exec-5] Reflexão gerada com sucesso
2025-06-06 22:00:19,166 INFO c.a.d.c.AiController [http-nio-8080-exec-9] Recebendo requisição para gerar reflexão. Pergunta: Gere um texto motivacional com fundamentação bíblica segundo a igreja católica apostólica romana, use exemplo de santos
2025-06-06 22:00:23,412 INFO c.a.d.c.AiController [http-nio-8080-exec-9] Reflexão gerada com sucesso
2025-06-06 22:00:39,059 INFO c.a.d.c.AiController [http-nio-8080-exec-1] Recebendo requisição para gerar reflexão. Pergunta: Segundo a igreja católica apostólica romana qual é o santo que se celebra no dia (06/06)? Qual a sua história e o que a sua vida cristã nos ensina?
2025-06-06 22:00:44,042 INFO c.a.d.c.AiController [http-nio-8080-exec-1] Reflexão gerada com sucesso
2025-06-06 22:13:16,909 INFO c.a.d.c.AiController [http-nio-8080-exec-3] Recebendo requisição para gerar reflexão. Pergunta: Segundo a igreja católica apostólica romana qual é o santo que se celebra no dia (06/06)? Qual a sua história e o que a sua vida cristã nos ensina?
2025-06-06 22:13:23,111 INFO c.a.d.c.AiController [http-nio-8080-exec-3] Reflexão gerada com sucesso
2025-06-06 22:13:35,114 INFO c.a.d.c.AiController [http-nio-8080-exec-5] Recebendo requisição para gerar reflexão. Pergunta: Segundo a igreja católica apostólica romana qual é o santo que se celebra no dia (08/06)? Qual a sua história e o que a sua vida cristã nos ensina?
2025-06-06 22:13:39,590 INFO c.a.d.c.AiController [http-nio-8080-exec-5] Reflexão gerada com sucesso
2025-06-06 23:59:14,487 INFO o.h.v.i.u.Version [background-preinit] HV000001: Hibernate Validator 8.0.1.Final
2025-06-06 23:59:14,539 INFO o.s.b.StartupInfoLogger [restartedMain] Starting DevoutCatholicApplication using Java 21.0.1 with PID 16812 (C:\Users\alden\Documents\Faculdade\cadeiras\7º Semestre\APS\Aplicação\V2\devout_catholic\target\classes started by alden in C:\Users\alden\Documents\Faculdade\cadeiras\7º Semestre\APS\Aplicação\V2\devout_catholic)
2025-06-06 23:59:14,539 DEBUG o.s.b.StartupInfoLogger [restartedMain] Running with Spring Boot v3.2.3, Spring v6.1.4
2025-06-06 23:59:14,540 INFO o.s.b.SpringApplication [restartedMain] No active profile set, falling back to 1 default profile: "default"
2025-06-06 23:59:14,575 INFO o.s.b.l.DeferredLog [restartedMain] Devtools property defaults active! Set 'spring.devtools.add-properties' to 'false' to disable
2025-06-06 23:59:14,576 INFO o.s.b.l.DeferredLog [restartedMain] For additional web related logging consider setting the 'logging.level.web' property to 'DEBUG'
2025-06-06 23:59:15,285 INFO o.s.d.r.c.RepositoryConfigurationDelegate [restartedMain] Bootstrapping Spring Data JPA repositories in DEFAULT mode.
2025-06-06 23:59:15,431 INFO o.s.d.r.c.RepositoryConfigurationDelegate [restartedMain] Finished Spring Data repository scanning in 135 ms. Found 2 JPA repository interfaces.
2025-06-06 23:59:15,944 INFO o.s.b.w.e.t.TomcatWebServer [restartedMain] Tomcat initialized with port 8080 (http)
2025-06-06 23:59:15,956 INFO o.a.j.l.DirectJDKLog [restartedMain] Initializing ProtocolHandler ["http-nio-8080"]
2025-06-06 23:59:15,958 INFO o.a.j.l.DirectJDKLog [restartedMain] Starting service [Tomcat]
2025-06-06 23:59:15,959 INFO o.a.j.l.DirectJDKLog [restartedMain] Starting Servlet engine: [Apache Tomcat/10.1.19]
2025-06-06 23:59:16,006 INFO o.a.j.l.DirectJDKLog [restartedMain] Initializing Spring embedded WebApplicationContext
2025-06-06 23:59:16,007 INFO o.s.b.w.s.c.ServletWebServerApplicationContext [restartedMain] Root WebApplicationContext: initialization completed in 1431 ms
2025-06-06 23:59:16,164 INFO c.z.h.HikariDataSource [restartedMain] HikariPool-1 - Starting...
2025-06-06 23:59:16,337 INFO c.z.h.p.HikariPool [restartedMain] HikariPool-1 - Added connection org.postgresql.jdbc.PgConnection@49741cfd
2025-06-06 23:59:16,338 INFO c.z.h.HikariDataSource [restartedMain] HikariPool-1 - Start completed.
2025-06-06 23:59:16,377 INFO o.f.c.i.l.s.Slf4jLog [restartedMain] Database: jdbc:postgresql://localhost:5432/devoutcatholic (PostgreSQL 16.1)
2025-06-06 23:59:16,464 INFO o.f.c.i.l.s.Slf4jLog [restartedMain] Successfully validated 2 migrations (execution time 00:00.045s)
2025-06-06 23:59:16,476 INFO o.f.c.i.l.s.Slf4jLog [restartedMain] Current version of schema "public": 2
2025-06-06 23:59:16,482 INFO o.f.c.i.l.s.Slf4jLog [restartedMain] Schema "public" is up to date. No migration necessary.
2025-06-06 23:59:16,562 INFO o.h.j.i.u.LogHelper [restartedMain] HHH000204: Processing PersistenceUnitInfo [name: default]
2025-06-06 23:59:16,624 INFO o.h.Version [restartedMain] HHH000412: Hibernate ORM core version 6.4.4.Final
2025-06-06 23:59:16,656 INFO o.h.c.i.RegionFactoryInitiator [restartedMain] HHH000026: Second-level cache disabled
2025-06-06 23:59:16,863 INFO o.s.o.j.p.SpringPersistenceUnitInfo [restartedMain] No LoadTimeWeaver setup: ignoring JPA class transformer
2025-06-06 23:59:17,601 INFO o.h.e.t.j.p.i.JtaPlatformInitiator [restartedMain] HHH000489: No JTA platform available (set 'hibernate.transaction.jta.platform' to enable JTA platform integration)
2025-06-06 23:59:17,605 INFO o.s.o.j.AbstractEntityManagerFactoryBean [restartedMain] Initialized JPA EntityManagerFactory for persistence unit 'default'
2025-06-06 23:59:17,858 DEBUG o.s.w.f.GenericFilterBean [restartedMain] Filter 'securityFilter' configured for use
2025-06-06 23:59:18,039 WARN o.s.b.a.o.j.JpaBaseConfiguration$JpaWebConfiguration [restartedMain] spring.jpa.open-in-view is enabled by default. Therefore, database queries may be performed during view rendering. Explicitly configure spring.jpa.open-in-view to disable this warning
2025-06-06 23:59:18,250 INFO o.s.s.w.DefaultSecurityFilterChain [restartedMain] Will secure any request with [org.springframework.security.web.session.DisableEncodeUrlFilter@40be4498, org.springframework.security.web.context.request.async.WebAsyncManagerIntegrationFilter@36b4d3b4, org.springframework.security.web.context.SecurityContextHolderFilter@5b67c37, org.springframework.security.web.header.HeaderWriterFilter@6c0aebdd, org.springframework.web.filter.CorsFilter@91d9fef, org.springframework.security.web.authentication.logout.LogoutFilter@4adc5fe5, com.aldenor_neto.devout_catholic.config.SecurityFilter@a134f96, org.springframework.security.web.savedrequest.RequestCacheAwareFilter@2ad007c1, org.springframework.security.web.servletapi.SecurityContextHolderAwareRequestFilter@651cf121, org.springframework.security.web.authentication.AnonymousAuthenticationFilter@60f59d52, org.springframework.security.web.session.SessionManagementFilter@3c1e96f9, org.springframework.security.web.access.ExceptionTranslationFilter@311bfdd5, org.springframework.security.web.access.intercept.AuthorizationFilter@676223d8]
2025-06-06 23:59:18,517 INFO o.s.b.d.a.OptionalLiveReloadServer [restartedMain] LiveReload server is running on port 35729
2025-06-06 23:59:18,527 INFO o.a.j.l.DirectJDKLog [restartedMain] Starting ProtocolHandler ["http-nio-8080"]
2025-06-06 23:59:18,545 INFO o.s.b.w.e.t.TomcatWebServer [restartedMain] Tomcat started on port 8080 (http) with context path ''
2025-06-06 23:59:18,551 INFO o.s.b.StartupInfoLogger [restartedMain] Started DevoutCatholicApplication in 4.433 seconds (process running for 4.828)
