2025-06-02 14:14:03,594 INFO o.s.b.StartupInfoLogger [restartedMain] Starting DevoutCatholicApplication using Java 21.0.1 with PID 14788 (C:\Users\alden\Desktop\Nova pasta\devout_catholic\target\classes started by alden in C:\Users\alden\Desktop\Nova pasta\devout_catholic)
2025-06-02 14:14:03,597 DEBUG o.s.b.StartupInfoLogger [restartedMain] Running with Spring Boot v3.4.4, Spring v6.2.5
2025-06-02 14:14:03,598 INFO o.s.b.SpringApplication [restartedMain] No active profile set, falling back to 1 default profile: "default"
2025-06-02 14:14:03,636 INFO o.s.b.l.DeferredLog [restartedMain] Devtools property defaults active! Set 'spring.devtools.add-properties' to 'false' to disable
2025-06-02 14:14:03,636 INFO o.s.b.l.DeferredLog [restartedMain] For additional web related logging consider setting the 'logging.level.web' property to 'DEBUG'
2025-06-02 14:14:04,255 INFO o.s.d.r.c.RepositoryConfigurationDelegate [restartedMain] Bootstrapping Spring Data JPA repositories in DEFAULT mode.
2025-06-02 14:14:04,302 INFO o.s.d.r.c.RepositoryConfigurationDelegate [restartedMain] Finished Spring Data repository scanning in 40 ms. Found 2 JPA repository interfaces.
2025-06-02 14:14:04,761 INFO o.s.b.w.e.t.TomcatWebServer [restartedMain] Tomcat initialized with port 8080 (http)
2025-06-02 14:14:04,773 INFO o.a.j.l.DirectJDKLog [restartedMain] Initializing ProtocolHandler ["http-nio-8080"]
2025-06-02 14:14:04,776 INFO o.a.j.l.DirectJDKLog [restartedMain] Starting service [Tomcat]
2025-06-02 14:14:04,776 INFO o.a.j.l.DirectJDKLog [restartedMain] Starting Servlet engine: [Apache Tomcat/10.1.39]
2025-06-02 14:14:04,816 INFO o.a.j.l.DirectJDKLog [restartedMain] Initializing Spring embedded WebApplicationContext
2025-06-02 14:14:04,817 INFO o.s.b.w.s.c.ServletWebServerApplicationContext [restartedMain] Root WebApplicationContext: initialization completed in 1181 ms
2025-06-02 14:14:04,981 INFO c.z.h.HikariDataSource [restartedMain] HikariPool-1 - Starting...
2025-06-02 14:14:05,159 INFO c.z.h.p.HikariPool [restartedMain] HikariPool-1 - Added connection org.postgresql.jdbc.PgConnection@1886658f
2025-06-02 14:14:05,161 INFO c.z.h.HikariDataSource [restartedMain] HikariPool-1 - Start completed.
2025-06-02 14:14:05,207 INFO o.f.c.i.l.s.Slf4jLog [restartedMain] Database: jdbc:postgresql://localhost:5432/devoutcatholic (PostgreSQL 16.1)
2025-06-02 14:14:05,298 INFO o.f.c.i.l.s.Slf4jLog [restartedMain] Successfully validated 2 migrations (execution time 00:00.030s)
2025-06-02 14:14:05,308 INFO o.f.c.i.l.s.Slf4jLog [restartedMain] Current version of schema "public": 2
2025-06-02 14:14:05,311 INFO o.f.c.i.l.s.Slf4jLog [restartedMain] Schema "public" is up to date. No migration necessary.
2025-06-02 14:14:05,390 INFO o.h.j.i.u.LogHelper [restartedMain] HHH000204: Processing PersistenceUnitInfo [name: default]
2025-06-02 14:14:05,447 INFO o.h.Version [restartedMain] HHH000412: Hibernate ORM core version 6.6.11.Final
2025-06-02 14:14:05,480 INFO o.h.c.i.RegionFactoryInitiator [restartedMain] HHH000026: Second-level cache disabled
2025-06-02 14:14:05,726 INFO o.s.o.j.p.SpringPersistenceUnitInfo [restartedMain] No LoadTimeWeaver setup: ignoring JPA class transformer
2025-06-02 14:14:05,807 INFO o.h.e.j.e.i.JdbcEnvironmentInitiator [restartedMain] HHH10001005: Database info:
	Database JDBC URL [Connecting through datasource 'HikariDataSource (HikariPool-1)']
	Database driver: undefined/unknown
	Database version: 16.1
	Autocommit mode: undefined/unknown
	Isolation level: undefined/unknown
	Minimum pool size: undefined/unknown
	Maximum pool size: undefined/unknown
2025-06-02 14:14:06,416 INFO o.h.e.t.j.p.i.JtaPlatformInitiator [restartedMain] HHH000489: No JTA platform available (set 'hibernate.transaction.jta.platform' to enable JTA platform integration)
2025-06-02 14:14:06,419 INFO o.s.o.j.AbstractEntityManagerFactoryBean [restartedMain] Initialized JPA EntityManagerFactory for persistence unit 'default'
2025-06-02 14:14:06,666 DEBUG o.s.w.f.GenericFilterBean [restartedMain] Filter 'securityFilter' configured for use
2025-06-02 14:14:06,731 INFO o.s.s.c.a.a.c.InitializeUserDetailsBeanManagerConfigurer$InitializeUserDetailsManagerConfigurer [restartedMain] Global AuthenticationManager configured with UserDetailsService bean with name authenticationService
2025-06-02 14:14:06,816 WARN o.s.b.a.o.j.JpaBaseConfiguration$JpaWebConfiguration [restartedMain] spring.jpa.open-in-view is enabled by default. Therefore, database queries may be performed during view rendering. Explicitly configure spring.jpa.open-in-view to disable this warning
2025-06-02 14:14:07,048 INFO o.s.v.b.OptionalValidatorFactoryBean [restartedMain] Failed to set up a Bean Validation provider: jakarta.validation.NoProviderFoundException: Unable to create a Configuration, because no Jakarta Bean Validation provider could be found. Add a provider like Hibernate Validator (RI) to your classpath.
2025-06-02 14:14:07,211 INFO o.s.b.d.a.OptionalLiveReloadServer [restartedMain] LiveReload server is running on port 35729
2025-06-02 14:14:07,222 INFO o.a.j.l.DirectJDKLog [restartedMain] Starting ProtocolHandler ["http-nio-8080"]
2025-06-02 14:14:07,237 INFO o.s.b.w.e.t.TomcatWebServer [restartedMain] Tomcat started on port 8080 (http) with context path '/'
2025-06-02 14:14:07,244 INFO o.s.b.StartupInfoLogger [restartedMain] Started DevoutCatholicApplication in 4.104 seconds (process running for 4.462)
2025-06-02 14:15:12,578 INFO o.s.b.w.e.t.GracefulShutdown [SpringApplicationShutdownHook] Commencing graceful shutdown. Waiting for active requests to complete
2025-06-02 14:15:12,581 INFO o.s.b.w.e.t.GracefulShutdown [tomcat-shutdown] Graceful shutdown complete
2025-06-02 14:15:12,584 INFO o.s.o.j.AbstractEntityManagerFactoryBean [SpringApplicationShutdownHook] Closing JPA EntityManagerFactory for persistence unit 'default'
2025-06-02 14:15:12,586 INFO c.z.h.HikariDataSource [SpringApplicationShutdownHook] HikariPool-1 - Shutdown initiated...
2025-06-02 14:15:12,588 INFO c.z.h.HikariDataSource [SpringApplicationShutdownHook] HikariPool-1 - Shutdown completed.
2025-06-02 14:36:16,866 INFO o.s.b.StartupInfoLogger [restartedMain] Starting DevoutCatholicApplication using Java 21.0.1 with PID 14096 (C:\Users\alden\Desktop\Nova pasta\devout_catholic\target\classes started by alden in C:\Users\alden\Desktop\Nova pasta\devout_catholic)
2025-06-02 14:36:16,867 DEBUG o.s.b.StartupInfoLogger [restartedMain] Running with Spring Boot v3.4.4, Spring v6.2.5
2025-06-02 14:36:16,868 INFO o.s.b.SpringApplication [restartedMain] No active profile set, falling back to 1 default profile: "default"
2025-06-02 14:36:16,895 INFO o.s.b.l.DeferredLog [restartedMain] Devtools property defaults active! Set 'spring.devtools.add-properties' to 'false' to disable
2025-06-02 14:36:16,895 INFO o.s.b.l.DeferredLog [restartedMain] For additional web related logging consider setting the 'logging.level.web' property to 'DEBUG'
2025-06-02 14:36:17,403 INFO o.s.d.r.c.RepositoryConfigurationDelegate [restartedMain] Bootstrapping Spring Data JPA repositories in DEFAULT mode.
2025-06-02 14:36:17,446 INFO o.s.d.r.c.RepositoryConfigurationDelegate [restartedMain] Finished Spring Data repository scanning in 35 ms. Found 2 JPA repository interfaces.
2025-06-02 14:36:17,836 INFO o.s.b.w.e.t.TomcatWebServer [restartedMain] Tomcat initialized with port 8080 (http)
2025-06-02 14:36:17,844 INFO o.a.j.l.DirectJDKLog [restartedMain] Initializing ProtocolHandler ["http-nio-8080"]
2025-06-02 14:36:17,846 INFO o.a.j.l.DirectJDKLog [restartedMain] Starting service [Tomcat]
2025-06-02 14:36:17,846 INFO o.a.j.l.DirectJDKLog [restartedMain] Starting Servlet engine: [Apache Tomcat/10.1.39]
2025-06-02 14:36:17,880 INFO o.a.j.l.DirectJDKLog [restartedMain] Initializing Spring embedded WebApplicationContext
2025-06-02 14:36:17,881 INFO o.s.b.w.s.c.ServletWebServerApplicationContext [restartedMain] Root WebApplicationContext: initialization completed in 984 ms
2025-06-02 14:36:18,027 INFO c.z.h.HikariDataSource [restartedMain] HikariPool-1 - Starting...
2025-06-02 14:36:18,144 INFO c.z.h.p.HikariPool [restartedMain] HikariPool-1 - Added connection org.postgresql.jdbc.PgConnection@5a3114b7
2025-06-02 14:36:18,145 INFO c.z.h.HikariDataSource [restartedMain] HikariPool-1 - Start completed.
2025-06-02 14:36:18,164 INFO o.f.c.i.l.s.Slf4jLog [restartedMain] Database: jdbc:postgresql://localhost:5432/devoutcatholic (PostgreSQL 16.1)
2025-06-02 14:36:18,201 INFO o.f.c.i.l.s.Slf4jLog [restartedMain] Successfully validated 2 migrations (execution time 00:00.020s)
2025-06-02 14:36:18,243 INFO o.f.c.i.l.s.Slf4jLog [restartedMain] Current version of schema "public": 2
2025-06-02 14:36:18,245 INFO o.f.c.i.l.s.Slf4jLog [restartedMain] Schema "public" is up to date. No migration necessary.
2025-06-02 14:36:18,310 INFO o.h.j.i.u.LogHelper [restartedMain] HHH000204: Processing PersistenceUnitInfo [name: default]
2025-06-02 14:36:18,343 INFO o.h.Version [restartedMain] HHH000412: Hibernate ORM core version 6.6.11.Final
2025-06-02 14:36:18,368 INFO o.h.c.i.RegionFactoryInitiator [restartedMain] HHH000026: Second-level cache disabled
2025-06-02 14:36:18,550 INFO o.s.o.j.p.SpringPersistenceUnitInfo [restartedMain] No LoadTimeWeaver setup: ignoring JPA class transformer
2025-06-02 14:36:18,605 INFO o.h.e.j.e.i.JdbcEnvironmentInitiator [restartedMain] HHH10001005: Database info:
	Database JDBC URL [Connecting through datasource 'HikariDataSource (HikariPool-1)']
	Database driver: undefined/unknown
	Database version: 16.1
	Autocommit mode: undefined/unknown
	Isolation level: undefined/unknown
	Minimum pool size: undefined/unknown
	Maximum pool size: undefined/unknown
2025-06-02 14:36:19,119 INFO o.h.e.t.j.p.i.JtaPlatformInitiator [restartedMain] HHH000489: No JTA platform available (set 'hibernate.transaction.jta.platform' to enable JTA platform integration)
2025-06-02 14:36:19,122 INFO o.s.o.j.AbstractEntityManagerFactoryBean [restartedMain] Initialized JPA EntityManagerFactory for persistence unit 'default'
2025-06-02 14:36:19,316 DEBUG o.s.w.f.GenericFilterBean [restartedMain] Filter 'securityFilter' configured for use
2025-06-02 14:36:19,372 INFO o.s.s.c.a.a.c.InitializeUserDetailsBeanManagerConfigurer$InitializeUserDetailsManagerConfigurer [restartedMain] Global AuthenticationManager configured with UserDetailsService bean with name authenticationService
2025-06-02 14:36:19,450 WARN o.s.b.a.o.j.JpaBaseConfiguration$JpaWebConfiguration [restartedMain] spring.jpa.open-in-view is enabled by default. Therefore, database queries may be performed during view rendering. Explicitly configure spring.jpa.open-in-view to disable this warning
2025-06-02 14:36:19,651 INFO o.s.v.b.OptionalValidatorFactoryBean [restartedMain] Failed to set up a Bean Validation provider: jakarta.validation.NoProviderFoundException: Unable to create a Configuration, because no Jakarta Bean Validation provider could be found. Add a provider like Hibernate Validator (RI) to your classpath.
2025-06-02 14:36:19,784 INFO o.s.b.d.a.OptionalLiveReloadServer [restartedMain] LiveReload server is running on port 35729
2025-06-02 14:36:19,796 INFO o.a.j.l.DirectJDKLog [restartedMain] Starting ProtocolHandler ["http-nio-8080"]
2025-06-02 14:36:19,807 INFO o.s.b.w.e.t.TomcatWebServer [restartedMain] Tomcat started on port 8080 (http) with context path '/'
2025-06-02 14:36:19,813 INFO o.s.b.StartupInfoLogger [restartedMain] Started DevoutCatholicApplication in 3.289 seconds (process running for 3.563)
2025-06-02 14:44:09,181 INFO o.s.b.StartupInfoLogger [restartedMain] Starting DevoutCatholicApplication using Java 21.0.1 with PID 6916 (C:\Users\alden\Desktop\Nova pasta\devout_catholic\target\classes started by alden in C:\Users\alden\Desktop\Nova pasta\devout_catholic)
2025-06-02 14:44:09,182 DEBUG o.s.b.StartupInfoLogger [restartedMain] Running with Spring Boot v3.4.4, Spring v6.2.5
2025-06-02 14:44:09,183 INFO o.s.b.SpringApplication [restartedMain] No active profile set, falling back to 1 default profile: "default"
2025-06-02 14:44:09,211 INFO o.s.b.l.DeferredLog [restartedMain] Devtools property defaults active! Set 'spring.devtools.add-properties' to 'false' to disable
2025-06-02 14:44:09,212 INFO o.s.b.l.DeferredLog [restartedMain] For additional web related logging consider setting the 'logging.level.web' property to 'DEBUG'
2025-06-02 14:44:09,714 INFO o.s.d.r.c.RepositoryConfigurationDelegate [restartedMain] Bootstrapping Spring Data JPA repositories in DEFAULT mode.
2025-06-02 14:44:09,754 INFO o.s.d.r.c.RepositoryConfigurationDelegate [restartedMain] Finished Spring Data repository scanning in 34 ms. Found 2 JPA repository interfaces.
2025-06-02 14:44:10,151 INFO o.s.b.w.e.t.TomcatWebServer [restartedMain] Tomcat initialized with port 8080 (http)
2025-06-02 14:44:10,161 INFO o.a.j.l.DirectJDKLog [restartedMain] Initializing ProtocolHandler ["http-nio-8080"]
2025-06-02 14:44:10,162 INFO o.a.j.l.DirectJDKLog [restartedMain] Starting service [Tomcat]
2025-06-02 14:44:10,163 INFO o.a.j.l.DirectJDKLog [restartedMain] Starting Servlet engine: [Apache Tomcat/10.1.39]
2025-06-02 14:44:10,196 INFO o.a.j.l.DirectJDKLog [restartedMain] Initializing Spring embedded WebApplicationContext
2025-06-02 14:44:10,197 INFO o.s.b.w.s.c.ServletWebServerApplicationContext [restartedMain] Root WebApplicationContext: initialization completed in 984 ms
2025-06-02 14:44:10,340 INFO c.z.h.HikariDataSource [restartedMain] HikariPool-1 - Starting...
2025-06-02 14:44:10,469 INFO c.z.h.p.HikariPool [restartedMain] HikariPool-1 - Added connection org.postgresql.jdbc.PgConnection@64a5672d
2025-06-02 14:44:10,471 INFO c.z.h.HikariDataSource [restartedMain] HikariPool-1 - Start completed.
2025-06-02 14:44:10,491 INFO o.f.c.i.l.s.Slf4jLog [restartedMain] Database: jdbc:postgresql://localhost:5432/devoutcatholic (PostgreSQL 16.1)
2025-06-02 14:44:10,529 INFO o.f.c.i.l.s.Slf4jLog [restartedMain] Successfully validated 2 migrations (execution time 00:00.021s)
2025-06-02 14:44:10,574 INFO o.f.c.i.l.s.Slf4jLog [restartedMain] Current version of schema "public": 2
2025-06-02 14:44:10,577 INFO o.f.c.i.l.s.Slf4jLog [restartedMain] Schema "public" is up to date. No migration necessary.
2025-06-02 14:44:10,644 INFO o.h.j.i.u.LogHelper [restartedMain] HHH000204: Processing PersistenceUnitInfo [name: default]
2025-06-02 14:44:10,678 INFO o.h.Version [restartedMain] HHH000412: Hibernate ORM core version 6.6.11.Final
2025-06-02 14:44:10,702 INFO o.h.c.i.RegionFactoryInitiator [restartedMain] HHH000026: Second-level cache disabled
2025-06-02 14:44:10,887 INFO o.s.o.j.p.SpringPersistenceUnitInfo [restartedMain] No LoadTimeWeaver setup: ignoring JPA class transformer
2025-06-02 14:44:10,941 INFO o.h.e.j.e.i.JdbcEnvironmentInitiator [restartedMain] HHH10001005: Database info:
	Database JDBC URL [Connecting through datasource 'HikariDataSource (HikariPool-1)']
	Database driver: undefined/unknown
	Database version: 16.1
	Autocommit mode: undefined/unknown
	Isolation level: undefined/unknown
	Minimum pool size: undefined/unknown
	Maximum pool size: undefined/unknown
2025-06-02 14:44:11,463 INFO o.h.e.t.j.p.i.JtaPlatformInitiator [restartedMain] HHH000489: No JTA platform available (set 'hibernate.transaction.jta.platform' to enable JTA platform integration)
2025-06-02 14:44:11,466 INFO o.s.o.j.AbstractEntityManagerFactoryBean [restartedMain] Initialized JPA EntityManagerFactory for persistence unit 'default'
2025-06-02 14:44:11,664 DEBUG o.s.w.f.GenericFilterBean [restartedMain] Filter 'securityFilter' configured for use
2025-06-02 14:44:11,729 INFO o.s.s.c.a.a.c.InitializeUserDetailsBeanManagerConfigurer$InitializeUserDetailsManagerConfigurer [restartedMain] Global AuthenticationManager configured with UserDetailsService bean with name authenticationService
2025-06-02 14:44:11,813 WARN o.s.b.a.o.j.JpaBaseConfiguration$JpaWebConfiguration [restartedMain] spring.jpa.open-in-view is enabled by default. Therefore, database queries may be performed during view rendering. Explicitly configure spring.jpa.open-in-view to disable this warning
2025-06-02 14:44:12,020 INFO o.s.v.b.OptionalValidatorFactoryBean [restartedMain] Failed to set up a Bean Validation provider: jakarta.validation.NoProviderFoundException: Unable to create a Configuration, because no Jakarta Bean Validation provider could be found. Add a provider like Hibernate Validator (RI) to your classpath.
2025-06-02 14:44:12,161 INFO o.s.b.d.a.OptionalLiveReloadServer [restartedMain] LiveReload server is running on port 35729
2025-06-02 14:44:12,172 INFO o.a.j.l.DirectJDKLog [restartedMain] Starting ProtocolHandler ["http-nio-8080"]
2025-06-02 14:44:12,183 INFO o.s.b.w.e.t.TomcatWebServer [restartedMain] Tomcat started on port 8080 (http) with context path '/'
2025-06-02 14:44:12,190 INFO o.s.b.StartupInfoLogger [restartedMain] Started DevoutCatholicApplication in 3.356 seconds (process running for 3.631)
2025-06-02 14:51:37,660 INFO o.s.b.w.e.t.GracefulShutdown [SpringApplicationShutdownHook] Commencing graceful shutdown. Waiting for active requests to complete
2025-06-02 14:51:37,662 INFO o.s.b.w.e.t.GracefulShutdown [tomcat-shutdown] Graceful shutdown complete
2025-06-02 14:51:37,665 INFO o.s.o.j.AbstractEntityManagerFactoryBean [SpringApplicationShutdownHook] Closing JPA EntityManagerFactory for persistence unit 'default'
2025-06-02 14:51:37,668 INFO c.z.h.HikariDataSource [SpringApplicationShutdownHook] HikariPool-1 - Shutdown initiated...
2025-06-02 14:51:37,670 INFO c.z.h.HikariDataSource [SpringApplicationShutdownHook] HikariPool-1 - Shutdown completed.
2025-06-02 15:50:00,398 INFO o.s.b.StartupInfoLogger [restartedMain] Starting DevoutCatholicApplication using Java 21.0.1 with PID 14500 (C:\Users\alden\Desktop\Nova pasta\devout_catholic\target\classes started by alden in C:\Users\alden\Desktop\Nova pasta\devout_catholic)
2025-06-02 15:50:00,399 DEBUG o.s.b.StartupInfoLogger [restartedMain] Running with Spring Boot v3.4.4, Spring v6.2.5
2025-06-02 15:50:00,400 INFO o.s.b.SpringApplication [restartedMain] No active profile set, falling back to 1 default profile: "default"
2025-06-02 15:50:00,428 INFO o.s.b.l.DeferredLog [restartedMain] Devtools property defaults active! Set 'spring.devtools.add-properties' to 'false' to disable
2025-06-02 15:50:00,428 INFO o.s.b.l.DeferredLog [restartedMain] For additional web related logging consider setting the 'logging.level.web' property to 'DEBUG'
2025-06-02 15:50:00,947 INFO o.s.d.r.c.RepositoryConfigurationDelegate [restartedMain] Bootstrapping Spring Data JPA repositories in DEFAULT mode.
2025-06-02 15:50:00,988 INFO o.s.d.r.c.RepositoryConfigurationDelegate [restartedMain] Finished Spring Data repository scanning in 35 ms. Found 2 JPA repository interfaces.
2025-06-02 15:50:01,380 INFO o.s.b.w.e.t.TomcatWebServer [restartedMain] Tomcat initialized with port 8080 (http)
2025-06-02 15:50:01,391 INFO o.a.j.l.DirectJDKLog [restartedMain] Initializing ProtocolHandler ["http-nio-8080"]
2025-06-02 15:50:01,392 INFO o.a.j.l.DirectJDKLog [restartedMain] Starting service [Tomcat]
2025-06-02 15:50:01,393 INFO o.a.j.l.DirectJDKLog [restartedMain] Starting Servlet engine: [Apache Tomcat/10.1.39]
2025-06-02 15:50:01,427 INFO o.a.j.l.DirectJDKLog [restartedMain] Initializing Spring embedded WebApplicationContext
2025-06-02 15:50:01,428 INFO o.s.b.w.s.c.ServletWebServerApplicationContext [restartedMain] Root WebApplicationContext: initialization completed in 998 ms
2025-06-02 15:50:01,572 INFO c.z.h.HikariDataSource [restartedMain] HikariPool-1 - Starting...
2025-06-02 15:50:01,688 INFO c.z.h.p.HikariPool [restartedMain] HikariPool-1 - Added connection org.postgresql.jdbc.PgConnection@486e2086
2025-06-02 15:50:01,690 INFO c.z.h.HikariDataSource [restartedMain] HikariPool-1 - Start completed.
2025-06-02 15:50:01,709 INFO o.f.c.i.l.s.Slf4jLog [restartedMain] Database: jdbc:postgresql://localhost:5432/devoutcatholic (PostgreSQL 16.1)
2025-06-02 15:50:01,748 INFO o.f.c.i.l.s.Slf4jLog [restartedMain] Successfully validated 2 migrations (execution time 00:00.023s)
2025-06-02 15:50:01,792 INFO o.f.c.i.l.s.Slf4jLog [restartedMain] Current version of schema "public": 2
2025-06-02 15:50:01,794 INFO o.f.c.i.l.s.Slf4jLog [restartedMain] Schema "public" is up to date. No migration necessary.
2025-06-02 15:50:01,858 INFO o.h.j.i.u.LogHelper [restartedMain] HHH000204: Processing PersistenceUnitInfo [name: default]
2025-06-02 15:50:01,892 INFO o.h.Version [restartedMain] HHH000412: Hibernate ORM core version 6.6.11.Final
2025-06-02 15:50:01,917 INFO o.h.c.i.RegionFactoryInitiator [restartedMain] HHH000026: Second-level cache disabled
2025-06-02 15:50:02,101 INFO o.s.o.j.p.SpringPersistenceUnitInfo [restartedMain] No LoadTimeWeaver setup: ignoring JPA class transformer
2025-06-02 15:50:02,158 INFO o.h.e.j.e.i.JdbcEnvironmentInitiator [restartedMain] HHH10001005: Database info:
	Database JDBC URL [Connecting through datasource 'HikariDataSource (HikariPool-1)']
	Database driver: undefined/unknown
	Database version: 16.1
	Autocommit mode: undefined/unknown
	Isolation level: undefined/unknown
	Minimum pool size: undefined/unknown
	Maximum pool size: undefined/unknown
2025-06-02 15:50:02,695 INFO o.h.e.t.j.p.i.JtaPlatformInitiator [restartedMain] HHH000489: No JTA platform available (set 'hibernate.transaction.jta.platform' to enable JTA platform integration)
2025-06-02 15:50:02,698 INFO o.s.o.j.AbstractEntityManagerFactoryBean [restartedMain] Initialized JPA EntityManagerFactory for persistence unit 'default'
2025-06-02 15:50:02,897 DEBUG o.s.w.f.GenericFilterBean [restartedMain] Filter 'securityFilter' configured for use
2025-06-02 15:50:02,957 INFO o.s.s.c.a.a.c.InitializeUserDetailsBeanManagerConfigurer$InitializeUserDetailsManagerConfigurer [restartedMain] Global AuthenticationManager configured with UserDetailsService bean with name authenticationService
2025-06-02 15:50:03,041 WARN o.s.b.a.o.j.JpaBaseConfiguration$JpaWebConfiguration [restartedMain] spring.jpa.open-in-view is enabled by default. Therefore, database queries may be performed during view rendering. Explicitly configure spring.jpa.open-in-view to disable this warning
2025-06-02 15:50:03,250 INFO o.s.v.b.OptionalValidatorFactoryBean [restartedMain] Failed to set up a Bean Validation provider: jakarta.validation.NoProviderFoundException: Unable to create a Configuration, because no Jakarta Bean Validation provider could be found. Add a provider like Hibernate Validator (RI) to your classpath.
2025-06-02 15:50:03,395 INFO o.s.b.d.a.OptionalLiveReloadServer [restartedMain] LiveReload server is running on port 35729
2025-06-02 15:50:03,407 INFO o.a.j.l.DirectJDKLog [restartedMain] Starting ProtocolHandler ["http-nio-8080"]
2025-06-02 15:50:03,418 INFO o.s.b.w.e.t.TomcatWebServer [restartedMain] Tomcat started on port 8080 (http) with context path '/'
2025-06-02 15:50:03,425 INFO o.s.b.StartupInfoLogger [restartedMain] Started DevoutCatholicApplication in 3.375 seconds (process running for 3.662)
2025-06-02 15:50:29,110 INFO o.a.j.l.DirectJDKLog [http-nio-8080-exec-1] Initializing Spring DispatcherServlet 'dispatcherServlet'
2025-06-02 15:50:29,110 INFO o.s.w.s.FrameworkServlet [http-nio-8080-exec-1] Initializing Servlet 'dispatcherServlet'
2025-06-02 15:50:29,111 INFO o.s.w.s.FrameworkServlet [http-nio-8080-exec-1] Completed initialization in 1 ms
2025-06-02 16:38:45,609 INFO o.s.b.StartupInfoLogger [restartedMain] Starting DevoutCatholicApplication using Java 21.0.1 with PID 4892 (C:\Users\alden\Desktop\Nova pasta\devout_catholic\target\classes started by alden in C:\Users\alden\Desktop\Nova pasta\devout_catholic)
2025-06-02 16:38:45,611 DEBUG o.s.b.StartupInfoLogger [restartedMain] Running with Spring Boot v3.4.4, Spring v6.2.5
2025-06-02 16:38:45,611 INFO o.s.b.SpringApplication [restartedMain] No active profile set, falling back to 1 default profile: "default"
2025-06-02 16:38:45,645 INFO o.s.b.l.DeferredLog [restartedMain] Devtools property defaults active! Set 'spring.devtools.add-properties' to 'false' to disable
2025-06-02 16:38:45,646 INFO o.s.b.l.DeferredLog [restartedMain] For additional web related logging consider setting the 'logging.level.web' property to 'DEBUG'
2025-06-02 16:38:46,275 INFO o.s.d.r.c.RepositoryConfigurationDelegate [restartedMain] Bootstrapping Spring Data JPA repositories in DEFAULT mode.
2025-06-02 16:38:46,324 INFO o.s.d.r.c.RepositoryConfigurationDelegate [restartedMain] Finished Spring Data repository scanning in 41 ms. Found 2 JPA repository interfaces.
2025-06-02 16:38:46,775 INFO o.s.b.w.e.t.TomcatWebServer [restartedMain] Tomcat initialized with port 8080 (http)
2025-06-02 16:38:46,787 INFO o.a.j.l.DirectJDKLog [restartedMain] Initializing ProtocolHandler ["http-nio-8080"]
2025-06-02 16:38:46,790 INFO o.a.j.l.DirectJDKLog [restartedMain] Starting service [Tomcat]
2025-06-02 16:38:46,790 INFO o.a.j.l.DirectJDKLog [restartedMain] Starting Servlet engine: [Apache Tomcat/10.1.39]
2025-06-02 16:38:46,831 INFO o.a.j.l.DirectJDKLog [restartedMain] Initializing Spring embedded WebApplicationContext
2025-06-02 16:38:46,832 INFO o.s.b.w.s.c.ServletWebServerApplicationContext [restartedMain] Root WebApplicationContext: initialization completed in 1186 ms
2025-06-02 16:38:46,989 INFO c.z.h.HikariDataSource [restartedMain] HikariPool-1 - Starting...
2025-06-02 16:38:47,177 INFO c.z.h.p.HikariPool [restartedMain] HikariPool-1 - Added connection org.postgresql.jdbc.PgConnection@4f78773a
2025-06-02 16:38:47,178 INFO c.z.h.HikariDataSource [restartedMain] HikariPool-1 - Start completed.
2025-06-02 16:38:47,211 INFO o.f.c.i.l.s.Slf4jLog [restartedMain] Database: jdbc:postgresql://localhost:5432/devoutcatholic (PostgreSQL 16.1)
2025-06-02 16:38:47,289 INFO o.f.c.i.l.s.Slf4jLog [restartedMain] Successfully validated 2 migrations (execution time 00:00.030s)
2025-06-02 16:38:47,323 INFO o.f.c.i.l.s.Slf4jLog [restartedMain] Current version of schema "public": 2
2025-06-02 16:38:47,326 INFO o.f.c.i.l.s.Slf4jLog [restartedMain] Schema "public" is up to date. No migration necessary.
2025-06-02 16:38:47,406 INFO o.h.j.i.u.LogHelper [restartedMain] HHH000204: Processing PersistenceUnitInfo [name: default]
2025-06-02 16:38:47,462 INFO o.h.Version [restartedMain] HHH000412: Hibernate ORM core version 6.6.11.Final
2025-06-02 16:38:47,494 INFO o.h.c.i.RegionFactoryInitiator [restartedMain] HHH000026: Second-level cache disabled
2025-06-02 16:38:47,735 INFO o.s.o.j.p.SpringPersistenceUnitInfo [restartedMain] No LoadTimeWeaver setup: ignoring JPA class transformer
2025-06-02 16:38:47,816 INFO o.h.e.j.e.i.JdbcEnvironmentInitiator [restartedMain] HHH10001005: Database info:
	Database JDBC URL [Connecting through datasource 'HikariDataSource (HikariPool-1)']
	Database driver: undefined/unknown
	Database version: 16.1
	Autocommit mode: undefined/unknown
	Isolation level: undefined/unknown
	Minimum pool size: undefined/unknown
	Maximum pool size: undefined/unknown
2025-06-02 16:38:48,444 INFO o.h.e.t.j.p.i.JtaPlatformInitiator [restartedMain] HHH000489: No JTA platform available (set 'hibernate.transaction.jta.platform' to enable JTA platform integration)
2025-06-02 16:38:48,447 INFO o.s.o.j.AbstractEntityManagerFactoryBean [restartedMain] Initialized JPA EntityManagerFactory for persistence unit 'default'
2025-06-02 16:38:48,695 DEBUG o.s.w.f.GenericFilterBean [restartedMain] Filter 'securityFilter' configured for use
2025-06-02 16:38:48,758 INFO o.s.s.c.a.a.c.InitializeUserDetailsBeanManagerConfigurer$InitializeUserDetailsManagerConfigurer [restartedMain] Global AuthenticationManager configured with UserDetailsService bean with name authenticationService
2025-06-02 16:38:48,850 WARN o.s.b.a.o.j.JpaBaseConfiguration$JpaWebConfiguration [restartedMain] spring.jpa.open-in-view is enabled by default. Therefore, database queries may be performed during view rendering. Explicitly configure spring.jpa.open-in-view to disable this warning
2025-06-02 16:38:49,087 INFO o.s.v.b.OptionalValidatorFactoryBean [restartedMain] Failed to set up a Bean Validation provider: jakarta.validation.NoProviderFoundException: Unable to create a Configuration, because no Jakarta Bean Validation provider could be found. Add a provider like Hibernate Validator (RI) to your classpath.
2025-06-02 16:38:49,255 INFO o.s.b.d.a.OptionalLiveReloadServer [restartedMain] LiveReload server is running on port 35729
2025-06-02 16:38:49,266 INFO o.a.j.l.DirectJDKLog [restartedMain] Starting ProtocolHandler ["http-nio-8080"]
2025-06-02 16:38:49,282 INFO o.s.b.w.e.t.TomcatWebServer [restartedMain] Tomcat started on port 8080 (http) with context path '/'
2025-06-02 16:38:49,287 INFO o.s.b.StartupInfoLogger [restartedMain] Started DevoutCatholicApplication in 4.109 seconds (process running for 4.447)
2025-06-02 17:49:12,889 INFO o.s.b.StartupInfoLogger [restartedMain] Starting DevoutCatholicApplication using Java 21.0.1 with PID 6272 (C:\Users\alden\Desktop\Nova pasta\aplicação\devout_catholic\target\classes started by alden in C:\Users\alden\Desktop\Nova pasta\aplicação\devout_catholic)
2025-06-02 17:49:12,890 DEBUG o.s.b.StartupInfoLogger [restartedMain] Running with Spring Boot v3.4.4, Spring v6.2.5
2025-06-02 17:49:12,891 INFO o.s.b.SpringApplication [restartedMain] No active profile set, falling back to 1 default profile: "default"
2025-06-02 17:49:12,919 INFO o.s.b.l.DeferredLog [restartedMain] Devtools property defaults active! Set 'spring.devtools.add-properties' to 'false' to disable
2025-06-02 17:49:12,919 INFO o.s.b.l.DeferredLog [restartedMain] For additional web related logging consider setting the 'logging.level.web' property to 'DEBUG'
2025-06-02 17:49:13,437 INFO o.s.d.r.c.RepositoryConfigurationDelegate [restartedMain] Bootstrapping Spring Data JPA repositories in DEFAULT mode.
2025-06-02 17:49:13,479 INFO o.s.d.r.c.RepositoryConfigurationDelegate [restartedMain] Finished Spring Data repository scanning in 35 ms. Found 2 JPA repository interfaces.
2025-06-02 17:49:13,867 INFO o.s.b.w.e.t.TomcatWebServer [restartedMain] Tomcat initialized with port 8080 (http)
2025-06-02 17:49:13,878 INFO o.a.j.l.DirectJDKLog [restartedMain] Initializing ProtocolHandler ["http-nio-8080"]
2025-06-02 17:49:13,879 INFO o.a.j.l.DirectJDKLog [restartedMain] Starting service [Tomcat]
2025-06-02 17:49:13,879 INFO o.a.j.l.DirectJDKLog [restartedMain] Starting Servlet engine: [Apache Tomcat/10.1.39]
2025-06-02 17:49:13,913 INFO o.a.j.l.DirectJDKLog [restartedMain] Initializing Spring embedded WebApplicationContext
2025-06-02 17:49:13,914 INFO o.s.b.w.s.c.ServletWebServerApplicationContext [restartedMain] Root WebApplicationContext: initialization completed in 994 ms
2025-06-02 17:49:14,057 INFO c.z.h.HikariDataSource [restartedMain] HikariPool-1 - Starting...
2025-06-02 17:49:14,172 INFO c.z.h.p.HikariPool [restartedMain] HikariPool-1 - Added connection org.postgresql.jdbc.PgConnection@486e2086
2025-06-02 17:49:14,174 INFO c.z.h.HikariDataSource [restartedMain] HikariPool-1 - Start completed.
2025-06-02 17:49:14,193 INFO o.f.c.i.l.s.Slf4jLog [restartedMain] Database: jdbc:postgresql://localhost:5432/devoutcatholic (PostgreSQL 16.1)
2025-06-02 17:49:14,229 INFO o.f.c.i.l.s.Slf4jLog [restartedMain] Successfully validated 2 migrations (execution time 00:00.020s)
2025-06-02 17:49:14,272 INFO o.f.c.i.l.s.Slf4jLog [restartedMain] Current version of schema "public": 2
2025-06-02 17:49:14,274 INFO o.f.c.i.l.s.Slf4jLog [restartedMain] Schema "public" is up to date. No migration necessary.
2025-06-02 17:49:14,340 INFO o.h.j.i.u.LogHelper [restartedMain] HHH000204: Processing PersistenceUnitInfo [name: default]
2025-06-02 17:49:14,372 INFO o.h.Version [restartedMain] HHH000412: Hibernate ORM core version 6.6.11.Final
2025-06-02 17:49:14,397 INFO o.h.c.i.RegionFactoryInitiator [restartedMain] HHH000026: Second-level cache disabled
2025-06-02 17:49:14,586 INFO o.s.o.j.p.SpringPersistenceUnitInfo [restartedMain] No LoadTimeWeaver setup: ignoring JPA class transformer
2025-06-02 17:49:14,640 INFO o.h.e.j.e.i.JdbcEnvironmentInitiator [restartedMain] HHH10001005: Database info:
	Database JDBC URL [Connecting through datasource 'HikariDataSource (HikariPool-1)']
	Database driver: undefined/unknown
	Database version: 16.1
	Autocommit mode: undefined/unknown
	Isolation level: undefined/unknown
	Minimum pool size: undefined/unknown
	Maximum pool size: undefined/unknown
2025-06-02 17:49:15,173 INFO o.h.e.t.j.p.i.JtaPlatformInitiator [restartedMain] HHH000489: No JTA platform available (set 'hibernate.transaction.jta.platform' to enable JTA platform integration)
2025-06-02 17:49:15,176 INFO o.s.o.j.AbstractEntityManagerFactoryBean [restartedMain] Initialized JPA EntityManagerFactory for persistence unit 'default'
2025-06-02 17:49:15,374 DEBUG o.s.w.f.GenericFilterBean [restartedMain] Filter 'securityFilter' configured for use
2025-06-02 17:49:15,431 INFO o.s.s.c.a.a.c.InitializeUserDetailsBeanManagerConfigurer$InitializeUserDetailsManagerConfigurer [restartedMain] Global AuthenticationManager configured with UserDetailsService bean with name authenticationService
2025-06-02 17:49:15,512 WARN o.s.b.a.o.j.JpaBaseConfiguration$JpaWebConfiguration [restartedMain] spring.jpa.open-in-view is enabled by default. Therefore, database queries may be performed during view rendering. Explicitly configure spring.jpa.open-in-view to disable this warning
2025-06-02 17:49:15,711 INFO o.s.v.b.OptionalValidatorFactoryBean [restartedMain] Failed to set up a Bean Validation provider: jakarta.validation.NoProviderFoundException: Unable to create a Configuration, because no Jakarta Bean Validation provider could be found. Add a provider like Hibernate Validator (RI) to your classpath.
2025-06-02 17:49:15,854 INFO o.s.b.d.a.OptionalLiveReloadServer [restartedMain] LiveReload server is running on port 35729
2025-06-02 17:49:15,864 INFO o.a.j.l.DirectJDKLog [restartedMain] Starting ProtocolHandler ["http-nio-8080"]
2025-06-02 17:49:15,878 INFO o.s.b.w.e.t.TomcatWebServer [restartedMain] Tomcat started on port 8080 (http) with context path '/'
2025-06-02 17:49:15,884 INFO o.s.b.StartupInfoLogger [restartedMain] Started DevoutCatholicApplication in 3.342 seconds (process running for 3.639)
2025-06-02 17:59:53,895 INFO o.s.b.w.e.t.GracefulShutdown [SpringApplicationShutdownHook] Commencing graceful shutdown. Waiting for active requests to complete
2025-06-02 17:59:53,898 INFO o.s.b.w.e.t.GracefulShutdown [tomcat-shutdown] Graceful shutdown complete
2025-06-02 17:59:53,901 INFO o.s.o.j.AbstractEntityManagerFactoryBean [SpringApplicationShutdownHook] Closing JPA EntityManagerFactory for persistence unit 'default'
2025-06-02 17:59:53,903 INFO c.z.h.HikariDataSource [SpringApplicationShutdownHook] HikariPool-1 - Shutdown initiated...
2025-06-02 17:59:53,906 INFO c.z.h.HikariDataSource [SpringApplicationShutdownHook] HikariPool-1 - Shutdown completed.
2025-06-02 18:00:15,500 INFO o.s.b.StartupInfoLogger [restartedMain] Starting DevoutCatholicApplication using Java 21.0.1 with PID 14612 (C:\Users\alden\Desktop\Nova pasta\aplicação\devout_catholic\target\classes started by alden in C:\Users\alden\Desktop\Nova pasta\aplicação\devout_catholic)
2025-06-02 18:00:15,501 DEBUG o.s.b.StartupInfoLogger [restartedMain] Running with Spring Boot v3.4.4, Spring v6.2.5
2025-06-02 18:00:15,502 INFO o.s.b.SpringApplication [restartedMain] No active profile set, falling back to 1 default profile: "default"
2025-06-02 18:00:15,530 INFO o.s.b.l.DeferredLog [restartedMain] Devtools property defaults active! Set 'spring.devtools.add-properties' to 'false' to disable
2025-06-02 18:00:15,531 INFO o.s.b.l.DeferredLog [restartedMain] For additional web related logging consider setting the 'logging.level.web' property to 'DEBUG'
2025-06-02 18:00:16,052 INFO o.s.d.r.c.RepositoryConfigurationDelegate [restartedMain] Bootstrapping Spring Data JPA repositories in DEFAULT mode.
2025-06-02 18:00:16,094 INFO o.s.d.r.c.RepositoryConfigurationDelegate [restartedMain] Finished Spring Data repository scanning in 35 ms. Found 2 JPA repository interfaces.
2025-06-02 18:00:16,485 INFO o.s.b.w.e.t.TomcatWebServer [restartedMain] Tomcat initialized with port 8080 (http)
2025-06-02 18:00:16,493 INFO o.a.j.l.DirectJDKLog [restartedMain] Initializing ProtocolHandler ["http-nio-8080"]
2025-06-02 18:00:16,495 INFO o.a.j.l.DirectJDKLog [restartedMain] Starting service [Tomcat]
2025-06-02 18:00:16,495 INFO o.a.j.l.DirectJDKLog [restartedMain] Starting Servlet engine: [Apache Tomcat/10.1.39]
2025-06-02 18:00:16,531 INFO o.a.j.l.DirectJDKLog [restartedMain] Initializing Spring embedded WebApplicationContext
2025-06-02 18:00:16,531 INFO o.s.b.w.s.c.ServletWebServerApplicationContext [restartedMain] Root WebApplicationContext: initialization completed in 1000 ms
2025-06-02 18:00:16,677 INFO c.z.h.HikariDataSource [restartedMain] HikariPool-1 - Starting...
2025-06-02 18:00:16,794 INFO c.z.h.p.HikariPool [restartedMain] HikariPool-1 - Added connection org.postgresql.jdbc.PgConnection@3a0074a6
2025-06-02 18:00:16,795 INFO c.z.h.HikariDataSource [restartedMain] HikariPool-1 - Start completed.
2025-06-02 18:00:16,816 INFO o.f.c.i.l.s.Slf4jLog [restartedMain] Database: jdbc:postgresql://localhost:5432/devoutcatholic (PostgreSQL 16.1)
2025-06-02 18:00:16,853 INFO o.f.c.i.l.s.Slf4jLog [restartedMain] Successfully validated 2 migrations (execution time 00:00.020s)
2025-06-02 18:00:16,895 INFO o.f.c.i.l.s.Slf4jLog [restartedMain] Current version of schema "public": 2
2025-06-02 18:00:16,897 INFO o.f.c.i.l.s.Slf4jLog [restartedMain] Schema "public" is up to date. No migration necessary.
2025-06-02 18:00:16,964 INFO o.h.j.i.u.LogHelper [restartedMain] HHH000204: Processing PersistenceUnitInfo [name: default]
2025-06-02 18:00:16,999 INFO o.h.Version [restartedMain] HHH000412: Hibernate ORM core version 6.6.11.Final
2025-06-02 18:00:17,023 INFO o.h.c.i.RegionFactoryInitiator [restartedMain] HHH000026: Second-level cache disabled
2025-06-02 18:00:17,218 INFO o.s.o.j.p.SpringPersistenceUnitInfo [restartedMain] No LoadTimeWeaver setup: ignoring JPA class transformer
2025-06-02 18:00:17,276 INFO o.h.e.j.e.i.JdbcEnvironmentInitiator [restartedMain] HHH10001005: Database info:
	Database JDBC URL [Connecting through datasource 'HikariDataSource (HikariPool-1)']
	Database driver: undefined/unknown
	Database version: 16.1
	Autocommit mode: undefined/unknown
	Isolation level: undefined/unknown
	Minimum pool size: undefined/unknown
	Maximum pool size: undefined/unknown
2025-06-02 18:00:17,820 INFO o.h.e.t.j.p.i.JtaPlatformInitiator [restartedMain] HHH000489: No JTA platform available (set 'hibernate.transaction.jta.platform' to enable JTA platform integration)
2025-06-02 18:00:17,823 INFO o.s.o.j.AbstractEntityManagerFactoryBean [restartedMain] Initialized JPA EntityManagerFactory for persistence unit 'default'
2025-06-02 18:00:18,021 DEBUG o.s.w.f.GenericFilterBean [restartedMain] Filter 'securityFilter' configured for use
2025-06-02 18:00:18,078 INFO o.s.s.c.a.a.c.InitializeUserDetailsBeanManagerConfigurer$InitializeUserDetailsManagerConfigurer [restartedMain] Global AuthenticationManager configured with UserDetailsService bean with name authenticationService
2025-06-02 18:00:18,159 WARN o.s.b.a.o.j.JpaBaseConfiguration$JpaWebConfiguration [restartedMain] spring.jpa.open-in-view is enabled by default. Therefore, database queries may be performed during view rendering. Explicitly configure spring.jpa.open-in-view to disable this warning
2025-06-02 18:00:18,358 INFO o.s.v.b.OptionalValidatorFactoryBean [restartedMain] Failed to set up a Bean Validation provider: jakarta.validation.NoProviderFoundException: Unable to create a Configuration, because no Jakarta Bean Validation provider could be found. Add a provider like Hibernate Validator (RI) to your classpath.
2025-06-02 18:00:18,503 INFO o.s.b.d.a.OptionalLiveReloadServer [restartedMain] LiveReload server is running on port 35729
2025-06-02 18:00:18,513 INFO o.a.j.l.DirectJDKLog [restartedMain] Starting ProtocolHandler ["http-nio-8080"]
2025-06-02 18:00:18,526 INFO o.s.b.w.e.t.TomcatWebServer [restartedMain] Tomcat started on port 8080 (http) with context path '/'
2025-06-02 18:00:18,532 INFO o.s.b.StartupInfoLogger [restartedMain] Started DevoutCatholicApplication in 3.384 seconds (process running for 3.676)
2025-06-02 18:00:52,115 INFO o.a.j.l.DirectJDKLog [http-nio-8080-exec-1] Initializing Spring DispatcherServlet 'dispatcherServlet'
2025-06-02 18:00:52,115 INFO o.s.w.s.FrameworkServlet [http-nio-8080-exec-1] Initializing Servlet 'dispatcherServlet'
2025-06-02 18:00:52,116 INFO o.s.w.s.FrameworkServlet [http-nio-8080-exec-1] Completed initialization in 1 ms
